Classic Timing Analyzer report for midterm_sim
Thu Apr 11 15:22:26 2019
Quartus II Version 9.1 Build 350 03/24/2010 Service Pack 2 SJ Web Edition


---------------------
; Table of Contents ;
---------------------
  1. Legal Notice
  2. Timing Analyzer Summary
  3. Timing Analyzer Settings
  4. Parallel Compilation
  5. tpd
  6. Timing Analyzer Messages



----------------
; Legal Notice ;
----------------
Copyright (C) 1991-2010 Altera Corporation
Your use of Altera Corporation's design tools, logic functions 
and other software and tools, and its AMPP partner logic 
functions, and any output files from any of the foregoing 
(including device programming or simulation files), and any 
associated documentation or information are expressly subject 
to the terms and conditions of the Altera Program License 
Subscription Agreement, Altera MegaCore Function License 
Agreement, or other applicable license agreement, including, 
without limitation, that your use is for the sole purpose of 
programming logic devices manufactured by Altera and sold by 
Altera or its authorized distributors.  Please refer to the 
applicable agreement for further details.



+-----------------------------------------------------------------------------------------------------------------------------+
; Timing Analyzer Summary                                                                                                     ;
+------------------------------+-------+---------------+-------------+-------+---------+------------+----------+--------------+
; Type                         ; Slack ; Required Time ; Actual Time ; From  ; To      ; From Clock ; To Clock ; Failed Paths ;
+------------------------------+-------+---------------+-------------+-------+---------+------------+----------+--------------+
; Worst-case tpd               ; N/A   ; None          ; 20.706 ns   ; SW[0] ; HEX1[5] ; --         ; --       ; 0            ;
; Total number of failed paths ;       ;               ;             ;       ;         ;            ;          ; 0            ;
+------------------------------+-------+---------------+-------------+-------+---------+------------+----------+--------------+


+-----------------------------------------------------------------------------------------------------------------------------------------------------+
; Timing Analyzer Settings                                                                                                                            ;
+------------------------------------------------------------------------------------------------------+--------------------+------+----+-------------+
; Option                                                                                               ; Setting            ; From ; To ; Entity Name ;
+------------------------------------------------------------------------------------------------------+--------------------+------+----+-------------+
; Device Name                                                                                          ; EP2C50F672C6       ;      ;    ;             ;
; Timing Models                                                                                        ; Final              ;      ;    ;             ;
; Default hold multicycle                                                                              ; Same as Multicycle ;      ;    ;             ;
; Cut paths between unrelated clock domains                                                            ; On                 ;      ;    ;             ;
; Cut off read during write signal paths                                                               ; On                 ;      ;    ;             ;
; Cut off feedback from I/O pins                                                                       ; On                 ;      ;    ;             ;
; Report Combined Fast/Slow Timing                                                                     ; Off                ;      ;    ;             ;
; Ignore Clock Settings                                                                                ; Off                ;      ;    ;             ;
; Analyze latches as synchronous elements                                                              ; On                 ;      ;    ;             ;
; Enable Recovery/Removal analysis                                                                     ; Off                ;      ;    ;             ;
; Enable Clock Latency                                                                                 ; Off                ;      ;    ;             ;
; Use TimeQuest Timing Analyzer                                                                        ; Off                ;      ;    ;             ;
; Minimum Core Junction Temperature                                                                    ; 0                  ;      ;    ;             ;
; Maximum Core Junction Temperature                                                                    ; 85                 ;      ;    ;             ;
; Number of source nodes to report per destination node                                                ; 10                 ;      ;    ;             ;
; Number of destination nodes to report                                                                ; 10                 ;      ;    ;             ;
; Number of paths to report                                                                            ; 200                ;      ;    ;             ;
; Report Minimum Timing Checks                                                                         ; Off                ;      ;    ;             ;
; Use Fast Timing Models                                                                               ; Off                ;      ;    ;             ;
; Report IO Paths Separately                                                                           ; Off                ;      ;    ;             ;
; Perform Multicorner Analysis                                                                         ; On                 ;      ;    ;             ;
; Reports the worst-case path for each clock domain and analysis                                       ; Off                ;      ;    ;             ;
; Reports worst-case timing paths for each clock domain and analysis                                   ; On                 ;      ;    ;             ;
; Specifies the maximum number of worst-case timing paths to report for each clock domain and analysis ; 100                ;      ;    ;             ;
; Removes common clock path pessimism (CCPP) during slack computation                                  ; Off                ;      ;    ;             ;
; Output I/O Timing Endpoint                                                                           ; Near End           ;      ;    ;             ;
+------------------------------------------------------------------------------------------------------+--------------------+------+----+-------------+


Parallel compilation was disabled, but you have multiple processors available. Enable parallel compilation to reduce compilation time.
+-------------------------------------+
; Parallel Compilation                ;
+----------------------------+--------+
; Processors                 ; Number ;
+----------------------------+--------+
; Number detected on machine ; 4      ;
; Maximum allowed            ; 1      ;
+----------------------------+--------+


+------------------------------------------------------------------------------------------------------------------------------------+
; tpd                                                                                                                                ;
+-----------------------------------------+-----------------------------------------------------+-----------------+--------+---------+
; Slack                                   ; Required P2P Time                                   ; Actual P2P Time ; From   ; To      ;
+-----------------------------------------+-----------------------------------------------------+-----------------+--------+---------+
; N/A                                     ; None                                                ; 20.706 ns       ; SW[0]  ; HEX1[5] ;
; N/A                                     ; None                                                ; 20.499 ns       ; SW[8]  ; HEX1[5] ;
; N/A                                     ; None                                                ; 20.457 ns       ; SW[0]  ; HEX0[4] ;
; N/A                                     ; None                                                ; 20.250 ns       ; SW[8]  ; HEX0[4] ;
; N/A                                     ; None                                                ; 19.663 ns       ; SW[0]  ; HEX0[0] ;
; N/A                                     ; None                                                ; 19.662 ns       ; SW[0]  ; HEX0[6] ;
; N/A                                     ; None                                                ; 19.637 ns       ; SW[2]  ; HEX1[5] ;
; N/A                                     ; None                                                ; 19.628 ns       ; SW[0]  ; HEX1[3] ;
; N/A                                     ; None                                                ; 19.526 ns       ; SW[9]  ; HEX1[5] ;
; N/A                                     ; None                                                ; 19.506 ns       ; SW[0]  ; HEX0[2] ;
; N/A                                     ; None                                                ; 19.482 ns       ; SW[0]  ; HEX1[2] ;
; N/A                                     ; None                                                ; 19.476 ns       ; SW[0]  ; HEX0[1] ;
; N/A                                     ; None                                                ; 19.469 ns       ; SW[0]  ; HEX1[4] ;
; N/A                                     ; None                                                ; 19.456 ns       ; SW[8]  ; HEX0[0] ;
; N/A                                     ; None                                                ; 19.455 ns       ; SW[8]  ; HEX0[6] ;
; N/A                                     ; None                                                ; 19.421 ns       ; SW[8]  ; HEX1[3] ;
; N/A                                     ; None                                                ; 19.417 ns       ; SW[0]  ; HEX0[3] ;
; N/A                                     ; None                                                ; 19.414 ns       ; SW[0]  ; HEX0[5] ;
; N/A                                     ; None                                                ; 19.403 ns       ; SW[0]  ; HEX1[6] ;
; N/A                                     ; None                                                ; 19.388 ns       ; SW[2]  ; HEX0[4] ;
; N/A                                     ; None                                                ; 19.299 ns       ; SW[8]  ; HEX0[2] ;
; N/A                                     ; None                                                ; 19.292 ns       ; SW[1]  ; HEX1[5] ;
; N/A                                     ; None                                                ; 19.277 ns       ; SW[9]  ; HEX0[4] ;
; N/A                                     ; None                                                ; 19.275 ns       ; SW[8]  ; HEX1[2] ;
; N/A                                     ; None                                                ; 19.269 ns       ; SW[8]  ; HEX0[1] ;
; N/A                                     ; None                                                ; 19.262 ns       ; SW[8]  ; HEX1[4] ;
; N/A                                     ; None                                                ; 19.260 ns       ; SW[0]  ; HEX1[1] ;
; N/A                                     ; None                                                ; 19.227 ns       ; SW[0]  ; HEX1[0] ;
; N/A                                     ; None                                                ; 19.210 ns       ; SW[8]  ; HEX0[3] ;
; N/A                                     ; None                                                ; 19.207 ns       ; SW[8]  ; HEX0[5] ;
; N/A                                     ; None                                                ; 19.196 ns       ; SW[8]  ; HEX1[6] ;
; N/A                                     ; None                                                ; 19.053 ns       ; SW[8]  ; HEX1[1] ;
; N/A                                     ; None                                                ; 19.043 ns       ; SW[1]  ; HEX0[4] ;
; N/A                                     ; None                                                ; 19.020 ns       ; SW[8]  ; HEX1[0] ;
; N/A                                     ; None                                                ; 18.972 ns       ; SW[10] ; HEX1[5] ;
; N/A                                     ; None                                                ; 18.841 ns       ; SW[3]  ; HEX1[5] ;
; N/A                                     ; None                                                ; 18.723 ns       ; SW[10] ; HEX0[4] ;
; N/A                                     ; None                                                ; 18.594 ns       ; SW[2]  ; HEX0[0] ;
; N/A                                     ; None                                                ; 18.593 ns       ; SW[2]  ; HEX0[6] ;
; N/A                                     ; None                                                ; 18.592 ns       ; SW[3]  ; HEX0[4] ;
; N/A                                     ; None                                                ; 18.589 ns       ; SW[0]  ; LEDG[8] ;
; N/A                                     ; None                                                ; 18.559 ns       ; SW[2]  ; HEX1[3] ;
; N/A                                     ; None                                                ; 18.483 ns       ; SW[9]  ; HEX0[0] ;
; N/A                                     ; None                                                ; 18.482 ns       ; SW[9]  ; HEX0[6] ;
; N/A                                     ; None                                                ; 18.448 ns       ; SW[9]  ; HEX1[3] ;
; N/A                                     ; None                                                ; 18.438 ns       ; SW[11] ; HEX1[5] ;
; N/A                                     ; None                                                ; 18.437 ns       ; SW[2]  ; HEX0[2] ;
; N/A                                     ; None                                                ; 18.413 ns       ; SW[2]  ; HEX1[2] ;
; N/A                                     ; None                                                ; 18.407 ns       ; SW[2]  ; HEX0[1] ;
; N/A                                     ; None                                                ; 18.400 ns       ; SW[2]  ; HEX1[4] ;
; N/A                                     ; None                                                ; 18.382 ns       ; SW[8]  ; LEDG[8] ;
; N/A                                     ; None                                                ; 18.348 ns       ; SW[2]  ; HEX0[3] ;
; N/A                                     ; None                                                ; 18.345 ns       ; SW[2]  ; HEX0[5] ;
; N/A                                     ; None                                                ; 18.334 ns       ; SW[2]  ; HEX1[6] ;
; N/A                                     ; None                                                ; 18.326 ns       ; SW[9]  ; HEX0[2] ;
; N/A                                     ; None                                                ; 18.302 ns       ; SW[9]  ; HEX1[2] ;
; N/A                                     ; None                                                ; 18.296 ns       ; SW[9]  ; HEX0[1] ;
; N/A                                     ; None                                                ; 18.289 ns       ; SW[9]  ; HEX1[4] ;
; N/A                                     ; None                                                ; 18.249 ns       ; SW[1]  ; HEX0[0] ;
; N/A                                     ; None                                                ; 18.248 ns       ; SW[1]  ; HEX0[6] ;
; N/A                                     ; None                                                ; 18.237 ns       ; SW[9]  ; HEX0[3] ;
; N/A                                     ; None                                                ; 18.234 ns       ; SW[9]  ; HEX0[5] ;
; N/A                                     ; None                                                ; 18.223 ns       ; SW[9]  ; HEX1[6] ;
; N/A                                     ; None                                                ; 18.214 ns       ; SW[1]  ; HEX1[3] ;
; N/A                                     ; None                                                ; 18.191 ns       ; SW[2]  ; HEX1[1] ;
; N/A                                     ; None                                                ; 18.189 ns       ; SW[11] ; HEX0[4] ;
; N/A                                     ; None                                                ; 18.158 ns       ; SW[2]  ; HEX1[0] ;
; N/A                                     ; None                                                ; 18.092 ns       ; SW[1]  ; HEX0[2] ;
; N/A                                     ; None                                                ; 18.080 ns       ; SW[9]  ; HEX1[1] ;
; N/A                                     ; None                                                ; 18.068 ns       ; SW[1]  ; HEX1[2] ;
; N/A                                     ; None                                                ; 18.062 ns       ; SW[1]  ; HEX0[1] ;
; N/A                                     ; None                                                ; 18.055 ns       ; SW[1]  ; HEX1[4] ;
; N/A                                     ; None                                                ; 18.047 ns       ; SW[9]  ; HEX1[0] ;
; N/A                                     ; None                                                ; 18.003 ns       ; SW[1]  ; HEX0[3] ;
; N/A                                     ; None                                                ; 18.000 ns       ; SW[1]  ; HEX0[5] ;
; N/A                                     ; None                                                ; 17.989 ns       ; SW[1]  ; HEX1[6] ;
; N/A                                     ; None                                                ; 17.929 ns       ; SW[10] ; HEX0[0] ;
; N/A                                     ; None                                                ; 17.928 ns       ; SW[10] ; HEX0[6] ;
; N/A                                     ; None                                                ; 17.894 ns       ; SW[10] ; HEX1[3] ;
; N/A                                     ; None                                                ; 17.846 ns       ; SW[1]  ; HEX1[1] ;
; N/A                                     ; None                                                ; 17.813 ns       ; SW[1]  ; HEX1[0] ;
; N/A                                     ; None                                                ; 17.798 ns       ; SW[3]  ; HEX0[0] ;
; N/A                                     ; None                                                ; 17.797 ns       ; SW[3]  ; HEX0[6] ;
; N/A                                     ; None                                                ; 17.772 ns       ; SW[10] ; HEX0[2] ;
; N/A                                     ; None                                                ; 17.763 ns       ; SW[3]  ; HEX1[3] ;
; N/A                                     ; None                                                ; 17.748 ns       ; SW[10] ; HEX1[2] ;
; N/A                                     ; None                                                ; 17.742 ns       ; SW[10] ; HEX0[1] ;
; N/A                                     ; None                                                ; 17.735 ns       ; SW[10] ; HEX1[4] ;
; N/A                                     ; None                                                ; 17.683 ns       ; SW[10] ; HEX0[3] ;
; N/A                                     ; None                                                ; 17.680 ns       ; SW[10] ; HEX0[5] ;
; N/A                                     ; None                                                ; 17.669 ns       ; SW[10] ; HEX1[6] ;
; N/A                                     ; None                                                ; 17.641 ns       ; SW[3]  ; HEX0[2] ;
; N/A                                     ; None                                                ; 17.617 ns       ; SW[3]  ; HEX1[2] ;
; N/A                                     ; None                                                ; 17.611 ns       ; SW[3]  ; HEX0[1] ;
; N/A                                     ; None                                                ; 17.604 ns       ; SW[3]  ; HEX1[4] ;
; N/A                                     ; None                                                ; 17.552 ns       ; SW[3]  ; HEX0[3] ;
; N/A                                     ; None                                                ; 17.549 ns       ; SW[3]  ; HEX0[5] ;
; N/A                                     ; None                                                ; 17.538 ns       ; SW[3]  ; HEX1[6] ;
; N/A                                     ; None                                                ; 17.526 ns       ; SW[10] ; HEX1[1] ;
; N/A                                     ; None                                                ; 17.520 ns       ; SW[2]  ; LEDG[8] ;
; N/A                                     ; None                                                ; 17.493 ns       ; SW[10] ; HEX1[0] ;
; N/A                                     ; None                                                ; 17.409 ns       ; SW[9]  ; LEDG[8] ;
; N/A                                     ; None                                                ; 17.395 ns       ; SW[3]  ; HEX1[1] ;
; N/A                                     ; None                                                ; 17.395 ns       ; SW[11] ; HEX0[0] ;
; N/A                                     ; None                                                ; 17.394 ns       ; SW[11] ; HEX0[6] ;
; N/A                                     ; None                                                ; 17.362 ns       ; SW[3]  ; HEX1[0] ;
; N/A                                     ; None                                                ; 17.360 ns       ; SW[11] ; HEX1[3] ;
; N/A                                     ; None                                                ; 17.238 ns       ; SW[11] ; HEX0[2] ;
; N/A                                     ; None                                                ; 17.214 ns       ; SW[11] ; HEX1[2] ;
; N/A                                     ; None                                                ; 17.208 ns       ; SW[11] ; HEX0[1] ;
; N/A                                     ; None                                                ; 17.201 ns       ; SW[11] ; HEX1[4] ;
; N/A                                     ; None                                                ; 17.175 ns       ; SW[1]  ; LEDG[8] ;
; N/A                                     ; None                                                ; 17.149 ns       ; SW[11] ; HEX0[3] ;
; N/A                                     ; None                                                ; 17.146 ns       ; SW[11] ; HEX0[5] ;
; N/A                                     ; None                                                ; 17.135 ns       ; SW[11] ; HEX1[6] ;
; N/A                                     ; None                                                ; 16.992 ns       ; SW[11] ; HEX1[1] ;
; N/A                                     ; None                                                ; 16.959 ns       ; SW[11] ; HEX1[0] ;
; N/A                                     ; None                                                ; 16.855 ns       ; SW[10] ; LEDG[8] ;
; N/A                                     ; None                                                ; 16.830 ns       ; SW[16] ; HEX1[5] ;
; N/A                                     ; None                                                ; 16.724 ns       ; SW[3]  ; LEDG[8] ;
; N/A                                     ; None                                                ; 16.581 ns       ; SW[16] ; HEX0[4] ;
; N/A                                     ; None                                                ; 16.321 ns       ; SW[11] ; LEDG[8] ;
; N/A                                     ; None                                                ; 15.787 ns       ; SW[16] ; HEX0[0] ;
; N/A                                     ; None                                                ; 15.786 ns       ; SW[16] ; HEX0[6] ;
; N/A                                     ; None                                                ; 15.752 ns       ; SW[16] ; HEX1[3] ;
; N/A                                     ; None                                                ; 15.630 ns       ; SW[16] ; HEX0[2] ;
; N/A                                     ; None                                                ; 15.606 ns       ; SW[16] ; HEX1[2] ;
; N/A                                     ; None                                                ; 15.600 ns       ; SW[16] ; HEX0[1] ;
; N/A                                     ; None                                                ; 15.593 ns       ; SW[16] ; HEX1[4] ;
; N/A                                     ; None                                                ; 15.582 ns       ; SW[5]  ; HEX1[5] ;
; N/A                                     ; None                                                ; 15.541 ns       ; SW[16] ; HEX0[3] ;
; N/A                                     ; None                                                ; 15.538 ns       ; SW[16] ; HEX0[5] ;
; N/A                                     ; None                                                ; 15.527 ns       ; SW[16] ; HEX1[6] ;
; N/A                                     ; None                                                ; 15.384 ns       ; SW[16] ; HEX1[1] ;
; N/A                                     ; None                                                ; 15.351 ns       ; SW[16] ; HEX1[0] ;
; N/A                                     ; None                                                ; 15.346 ns       ; SW[4]  ; HEX1[5] ;
; N/A                                     ; None                                                ; 15.333 ns       ; SW[5]  ; HEX0[4] ;
; N/A                                     ; None                                                ; 15.284 ns       ; SW[12] ; HEX1[5] ;
; N/A                                     ; None                                                ; 15.097 ns       ; SW[4]  ; HEX0[4] ;
; N/A                                     ; None                                                ; 15.035 ns       ; SW[12] ; HEX0[4] ;
; N/A                                     ; None                                                ; 14.875 ns       ; SW[6]  ; HEX1[5] ;
; N/A                                     ; None                                                ; 14.713 ns       ; SW[16] ; LEDG[8] ;
; N/A                                     ; None                                                ; 14.626 ns       ; SW[6]  ; HEX0[4] ;
; N/A                                     ; None                                                ; 14.603 ns       ; SW[13] ; HEX1[5] ;
; N/A                                     ; None                                                ; 14.539 ns       ; SW[5]  ; HEX0[0] ;
; N/A                                     ; None                                                ; 14.538 ns       ; SW[5]  ; HEX0[6] ;
; N/A                                     ; None                                                ; 14.504 ns       ; SW[5]  ; HEX1[3] ;
; N/A                                     ; None                                                ; 14.382 ns       ; SW[5]  ; HEX0[2] ;
; N/A                                     ; None                                                ; 14.358 ns       ; SW[5]  ; HEX1[2] ;
; N/A                                     ; None                                                ; 14.354 ns       ; SW[13] ; HEX0[4] ;
; N/A                                     ; None                                                ; 14.352 ns       ; SW[5]  ; HEX0[1] ;
; N/A                                     ; None                                                ; 14.345 ns       ; SW[5]  ; HEX1[4] ;
; N/A                                     ; None                                                ; 14.303 ns       ; SW[4]  ; HEX0[0] ;
; N/A                                     ; None                                                ; 14.302 ns       ; SW[4]  ; HEX0[6] ;
; N/A                                     ; None                                                ; 14.293 ns       ; SW[5]  ; HEX0[3] ;
; N/A                                     ; None                                                ; 14.290 ns       ; SW[5]  ; HEX0[5] ;
; N/A                                     ; None                                                ; 14.279 ns       ; SW[5]  ; HEX1[6] ;
; N/A                                     ; None                                                ; 14.268 ns       ; SW[4]  ; HEX1[3] ;
; N/A                                     ; None                                                ; 14.241 ns       ; SW[12] ; HEX0[0] ;
; N/A                                     ; None                                                ; 14.240 ns       ; SW[12] ; HEX0[6] ;
; N/A                                     ; None                                                ; 14.206 ns       ; SW[12] ; HEX1[3] ;
; N/A                                     ; None                                                ; 14.146 ns       ; SW[4]  ; HEX0[2] ;
; N/A                                     ; None                                                ; 14.136 ns       ; SW[5]  ; HEX1[1] ;
; N/A                                     ; None                                                ; 14.122 ns       ; SW[4]  ; HEX1[2] ;
; N/A                                     ; None                                                ; 14.116 ns       ; SW[4]  ; HEX0[1] ;
; N/A                                     ; None                                                ; 14.109 ns       ; SW[4]  ; HEX1[4] ;
; N/A                                     ; None                                                ; 14.103 ns       ; SW[5]  ; HEX1[0] ;
; N/A                                     ; None                                                ; 14.084 ns       ; SW[12] ; HEX0[2] ;
; N/A                                     ; None                                                ; 14.060 ns       ; SW[12] ; HEX1[2] ;
; N/A                                     ; None                                                ; 14.057 ns       ; SW[4]  ; HEX0[3] ;
; N/A                                     ; None                                                ; 14.054 ns       ; SW[12] ; HEX0[1] ;
; N/A                                     ; None                                                ; 14.054 ns       ; SW[4]  ; HEX0[5] ;
; N/A                                     ; None                                                ; 14.047 ns       ; SW[12] ; HEX1[4] ;
; N/A                                     ; None                                                ; 14.043 ns       ; SW[4]  ; HEX1[6] ;
; N/A                                     ; None                                                ; 13.995 ns       ; SW[12] ; HEX0[3] ;
; N/A                                     ; None                                                ; 13.992 ns       ; SW[12] ; HEX0[5] ;
; N/A                                     ; None                                                ; 13.981 ns       ; SW[12] ; HEX1[6] ;
; N/A                                     ; None                                                ; 13.931 ns       ; SW[15] ; HEX1[5] ;
; N/A                                     ; None                                                ; 13.900 ns       ; SW[4]  ; HEX1[1] ;
; N/A                                     ; None                                                ; 13.867 ns       ; SW[4]  ; HEX1[0] ;
; N/A                                     ; None                                                ; 13.838 ns       ; SW[12] ; HEX1[1] ;
; N/A                                     ; None                                                ; 13.832 ns       ; SW[6]  ; HEX0[0] ;
; N/A                                     ; None                                                ; 13.831 ns       ; SW[14] ; HEX1[5] ;
; N/A                                     ; None                                                ; 13.831 ns       ; SW[6]  ; HEX0[6] ;
; N/A                                     ; None                                                ; 13.805 ns       ; SW[12] ; HEX1[0] ;
; N/A                                     ; None                                                ; 13.797 ns       ; SW[6]  ; HEX1[3] ;
; N/A                                     ; None                                                ; 13.703 ns       ; SW[15] ; HEX0[4] ;
; N/A                                     ; None                                                ; 13.675 ns       ; SW[6]  ; HEX0[2] ;
; N/A                                     ; None                                                ; 13.651 ns       ; SW[6]  ; HEX1[2] ;
; N/A                                     ; None                                                ; 13.645 ns       ; SW[6]  ; HEX0[1] ;
; N/A                                     ; None                                                ; 13.638 ns       ; SW[6]  ; HEX1[4] ;
; N/A                                     ; None                                                ; 13.586 ns       ; SW[6]  ; HEX0[3] ;
; N/A                                     ; None                                                ; 13.583 ns       ; SW[6]  ; HEX0[5] ;
; N/A                                     ; None                                                ; 13.582 ns       ; SW[14] ; HEX0[4] ;
; N/A                                     ; None                                                ; 13.572 ns       ; SW[6]  ; HEX1[6] ;
; N/A                                     ; None                                                ; 13.560 ns       ; SW[13] ; HEX0[0] ;
; N/A                                     ; None                                                ; 13.559 ns       ; SW[13] ; HEX0[6] ;
; N/A                                     ; None                                                ; 13.525 ns       ; SW[13] ; HEX1[3] ;
; N/A                                     ; None                                                ; 13.465 ns       ; SW[5]  ; LEDG[8] ;
; N/A                                     ; None                                                ; 13.429 ns       ; SW[6]  ; HEX1[1] ;
; Timing analysis restricted to 200 rows. ; To change the limit use Settings (Assignments menu) ;                 ;        ;         ;
+-----------------------------------------+-----------------------------------------------------+-----------------+--------+---------+


+--------------------------+
; Timing Analyzer Messages ;
+--------------------------+
Info: *******************************************************************
Info: Running Quartus II Classic Timing Analyzer
    Info: Version 9.1 Build 350 03/24/2010 Service Pack 2 SJ Web Edition
    Info: Processing started: Thu Apr 11 15:22:26 2019
Info: Command: quartus_tan --read_settings_files=off --write_settings_files=off midterm_sim -c midterm_sim --timing_analysis_only
Info: Longest tpd from source pin "SW[0]" to destination pin "HEX1[5]" is 20.706 ns
    Info: 1: + IC(0.000 ns) + CELL(0.830 ns) = 0.830 ns; Loc. = PIN_D18; Fanout = 10; PIN Node = 'SW[0]'
    Info: 2: + IC(5.357 ns) + CELL(0.419 ns) = 6.606 ns; Loc. = LCCOMB_X61_Y41_N18; Fanout = 2; COMB Node = 'bcd_adder:bcd_adder1|full_adder:full_adder1|c~1'
    Info: 3: + IC(0.694 ns) + CELL(0.438 ns) = 7.738 ns; Loc. = LCCOMB_X62_Y41_N8; Fanout = 2; COMB Node = 'bcd_adder:bcd_adder1|full_adder:full_adder1|c[1]~2'
    Info: 4: + IC(0.256 ns) + CELL(0.271 ns) = 8.265 ns; Loc. = LCCOMB_X62_Y41_N26; Fanout = 2; COMB Node = 'bcd_adder:bcd_adder1|full_adder:full_adder1|c[2]~3'
    Info: 5: + IC(0.261 ns) + CELL(0.419 ns) = 8.945 ns; Loc. = LCCOMB_X62_Y41_N14; Fanout = 4; COMB Node = 'bcd_adder:bcd_adder1|full_adder:full_adder1|sum[3]'
    Info: 6: + IC(0.696 ns) + CELL(0.438 ns) = 10.079 ns; Loc. = LCCOMB_X60_Y41_N0; Fanout = 2; COMB Node = 'bcd_adder:bcd_adder1|bcdcar[2]~0'
    Info: 7: + IC(1.365 ns) + CELL(0.150 ns) = 11.594 ns; Loc. = LCCOMB_X45_Y41_N24; Fanout = 2; COMB Node = 'bcd_adder:bcd_adder2|full_adder:full_adder1|c[0]~0'
    Info: 8: + IC(0.440 ns) + CELL(0.150 ns) = 12.184 ns; Loc. = LCCOMB_X44_Y41_N8; Fanout = 2; COMB Node = 'bcd_adder:bcd_adder2|full_adder:full_adder1|c[1]~1'
    Info: 9: + IC(0.254 ns) + CELL(0.271 ns) = 12.709 ns; Loc. = LCCOMB_X44_Y41_N10; Fanout = 2; COMB Node = 'bcd_adder:bcd_adder2|full_adder:full_adder1|c[2]~2'
    Info: 10: + IC(0.469 ns) + CELL(0.438 ns) = 13.616 ns; Loc. = LCCOMB_X45_Y41_N20; Fanout = 4; COMB Node = 'bcd_adder:bcd_adder2|full_adder:full_adder1|sum[3]'
    Info: 11: + IC(0.272 ns) + CELL(0.275 ns) = 14.163 ns; Loc. = LCCOMB_X45_Y41_N8; Fanout = 7; COMB Node = 'bcd_adder:bcd_adder2|full_adder:full_adder2|sum[3]'
    Info: 12: + IC(0.742 ns) + CELL(0.438 ns) = 15.343 ns; Loc. = LCCOMB_X49_Y41_N16; Fanout = 1; COMB Node = 'WideOr33~0'
    Info: 13: + IC(0.254 ns) + CELL(0.245 ns) = 15.842 ns; Loc. = LCCOMB_X49_Y41_N18; Fanout = 1; COMB Node = 'HEX1~1'
    Info: 14: + IC(2.085 ns) + CELL(2.779 ns) = 20.706 ns; Loc. = PIN_F20; Fanout = 0; PIN Node = 'HEX1[5]'
    Info: Total cell delay = 7.561 ns ( 36.52 % )
    Info: Total interconnect delay = 13.145 ns ( 63.48 % )
Info: Quartus II Classic Timing Analyzer was successful. 0 errors, 0 warnings
    Info: Peak virtual memory: 214 megabytes
    Info: Processing ended: Thu Apr 11 15:22:26 2019
    Info: Elapsed time: 00:00:00
    Info: Total CPU time (on all processors): 00:00:01


